ARM GAS  C:\Users\lenovo\AppData\Local\Temp\cc5xfH0k.s 			page 1


   1              		.cpu cortex-m3
   2              		.eabi_attribute 20, 1
   3              		.eabi_attribute 21, 1
   4              		.eabi_attribute 23, 3
   5              		.eabi_attribute 24, 1
   6              		.eabi_attribute 25, 1
   7              		.eabi_attribute 26, 1
   8              		.eabi_attribute 30, 1
   9              		.eabi_attribute 34, 1
  10              		.eabi_attribute 18, 4
  11              		.file	"gpio.c"
  12              		.text
  13              	.Ltext0:
  14              		.cfi_sections	.debug_frame
  15              		.section	.text.MX_GPIO_Init,"ax",%progbits
  16              		.align	1
  17              		.global	MX_GPIO_Init
  18              		.arch armv7-m
  19              		.syntax unified
  20              		.thumb
  21              		.thumb_func
  22              		.fpu softvfp
  24              	MX_GPIO_Init:
  25              	.LFB65:
  26              		.file 1 "Core/Src/gpio.c"
   1:Core/Src/gpio.c **** /**
   2:Core/Src/gpio.c ****   ******************************************************************************
   3:Core/Src/gpio.c ****   * @file    gpio.c
   4:Core/Src/gpio.c ****   * @brief   This file provides code for the configuration
   5:Core/Src/gpio.c ****   *          of all used GPIO pins.
   6:Core/Src/gpio.c ****   ******************************************************************************
   7:Core/Src/gpio.c ****   * @attention
   8:Core/Src/gpio.c ****   *
   9:Core/Src/gpio.c ****   * <h2><center>&copy; Copyright (c) 2023 STMicroelectronics.
  10:Core/Src/gpio.c ****   * All rights reserved.</center></h2>
  11:Core/Src/gpio.c ****   *
  12:Core/Src/gpio.c ****   * This software component is licensed by ST under BSD 3-Clause license,
  13:Core/Src/gpio.c ****   * the "License"; You may not use this file except in compliance with the
  14:Core/Src/gpio.c ****   * License. You may obtain a copy of the License at:
  15:Core/Src/gpio.c ****   *                        opensource.org/licenses/BSD-3-Clause
  16:Core/Src/gpio.c ****   *
  17:Core/Src/gpio.c ****   ******************************************************************************
  18:Core/Src/gpio.c ****   */
  19:Core/Src/gpio.c **** 
  20:Core/Src/gpio.c **** /* Includes ------------------------------------------------------------------*/
  21:Core/Src/gpio.c **** #include "gpio.h"
  22:Core/Src/gpio.c **** 
  23:Core/Src/gpio.c **** /* USER CODE BEGIN 0 */
  24:Core/Src/gpio.c **** 
  25:Core/Src/gpio.c **** /* USER CODE END 0 */
  26:Core/Src/gpio.c **** 
  27:Core/Src/gpio.c **** /*----------------------------------------------------------------------------*/
  28:Core/Src/gpio.c **** /* Configure GPIO                                                             */
  29:Core/Src/gpio.c **** /*----------------------------------------------------------------------------*/
  30:Core/Src/gpio.c **** /* USER CODE BEGIN 1 */
  31:Core/Src/gpio.c **** 
  32:Core/Src/gpio.c **** /* USER CODE END 1 */
ARM GAS  C:\Users\lenovo\AppData\Local\Temp\cc5xfH0k.s 			page 2


  33:Core/Src/gpio.c **** 
  34:Core/Src/gpio.c **** /** Configure pins as
  35:Core/Src/gpio.c ****         * Analog
  36:Core/Src/gpio.c ****         * Input
  37:Core/Src/gpio.c ****         * Output
  38:Core/Src/gpio.c ****         * EVENT_OUT
  39:Core/Src/gpio.c ****         * EXTI
  40:Core/Src/gpio.c **** */
  41:Core/Src/gpio.c **** void MX_GPIO_Init(void)
  42:Core/Src/gpio.c **** {
  27              		.loc 1 42 1 view -0
  28              		.cfi_startproc
  29              		@ args = 0, pretend = 0, frame = 32
  30              		@ frame_needed = 0, uses_anonymous_args = 0
  31 0000 2DE9F041 		push	{r4, r5, r6, r7, r8, lr}
  32              	.LCFI0:
  33              		.cfi_def_cfa_offset 24
  34              		.cfi_offset 4, -24
  35              		.cfi_offset 5, -20
  36              		.cfi_offset 6, -16
  37              		.cfi_offset 7, -12
  38              		.cfi_offset 8, -8
  39              		.cfi_offset 14, -4
  40 0004 88B0     		sub	sp, sp, #32
  41              	.LCFI1:
  42              		.cfi_def_cfa_offset 56
  43:Core/Src/gpio.c **** 
  44:Core/Src/gpio.c ****   GPIO_InitTypeDef GPIO_InitStruct = {0};
  43              		.loc 1 44 3 view .LVU1
  44              		.loc 1 44 20 is_stmt 0 view .LVU2
  45 0006 0024     		movs	r4, #0
  46 0008 0494     		str	r4, [sp, #16]
  47 000a 0594     		str	r4, [sp, #20]
  48 000c 0694     		str	r4, [sp, #24]
  49 000e 0794     		str	r4, [sp, #28]
  45:Core/Src/gpio.c **** 
  46:Core/Src/gpio.c ****   /* GPIO Ports Clock Enable */
  47:Core/Src/gpio.c ****   __HAL_RCC_GPIOD_CLK_ENABLE();
  50              		.loc 1 47 3 is_stmt 1 view .LVU3
  51              	.LBB2:
  52              		.loc 1 47 3 view .LVU4
  53              		.loc 1 47 3 view .LVU5
  54 0010 244B     		ldr	r3, .L3
  55 0012 9A69     		ldr	r2, [r3, #24]
  56 0014 42F02002 		orr	r2, r2, #32
  57 0018 9A61     		str	r2, [r3, #24]
  58              		.loc 1 47 3 view .LVU6
  59 001a 9A69     		ldr	r2, [r3, #24]
  60 001c 02F02002 		and	r2, r2, #32
  61 0020 0192     		str	r2, [sp, #4]
  62              		.loc 1 47 3 view .LVU7
  63 0022 019A     		ldr	r2, [sp, #4]
  64              	.LBE2:
  65              		.loc 1 47 3 view .LVU8
  48:Core/Src/gpio.c ****   __HAL_RCC_GPIOA_CLK_ENABLE();
  66              		.loc 1 48 3 view .LVU9
  67              	.LBB3:
ARM GAS  C:\Users\lenovo\AppData\Local\Temp\cc5xfH0k.s 			page 3


  68              		.loc 1 48 3 view .LVU10
  69              		.loc 1 48 3 view .LVU11
  70 0024 9A69     		ldr	r2, [r3, #24]
  71 0026 42F00402 		orr	r2, r2, #4
  72 002a 9A61     		str	r2, [r3, #24]
  73              		.loc 1 48 3 view .LVU12
  74 002c 9A69     		ldr	r2, [r3, #24]
  75 002e 02F00402 		and	r2, r2, #4
  76 0032 0292     		str	r2, [sp, #8]
  77              		.loc 1 48 3 view .LVU13
  78 0034 029A     		ldr	r2, [sp, #8]
  79              	.LBE3:
  80              		.loc 1 48 3 view .LVU14
  49:Core/Src/gpio.c ****   __HAL_RCC_GPIOB_CLK_ENABLE();
  81              		.loc 1 49 3 view .LVU15
  82              	.LBB4:
  83              		.loc 1 49 3 view .LVU16
  84              		.loc 1 49 3 view .LVU17
  85 0036 9A69     		ldr	r2, [r3, #24]
  86 0038 42F00802 		orr	r2, r2, #8
  87 003c 9A61     		str	r2, [r3, #24]
  88              		.loc 1 49 3 view .LVU18
  89 003e 9B69     		ldr	r3, [r3, #24]
  90 0040 03F00803 		and	r3, r3, #8
  91 0044 0393     		str	r3, [sp, #12]
  92              		.loc 1 49 3 view .LVU19
  93 0046 039B     		ldr	r3, [sp, #12]
  94              	.LBE4:
  95              		.loc 1 49 3 view .LVU20
  50:Core/Src/gpio.c **** 
  51:Core/Src/gpio.c ****   /*Configure GPIO pin Output Level */
  52:Core/Src/gpio.c ****   HAL_GPIO_WritePin(GPIOA, C4_Pin|C3_Pin|C2_Pin|C1_Pin, GPIO_PIN_SET);
  96              		.loc 1 52 3 view .LVU21
  97 0048 174E     		ldr	r6, .L3+4
  98 004a 0122     		movs	r2, #1
  99 004c 0F21     		movs	r1, #15
 100 004e 3046     		mov	r0, r6
 101 0050 FFF7FEFF 		bl	HAL_GPIO_WritePin
 102              	.LVL0:
  53:Core/Src/gpio.c **** 
  54:Core/Src/gpio.c ****   /*Configure GPIO pin Output Level */
  55:Core/Src/gpio.c ****   HAL_GPIO_WritePin(GPIOB, GPIO_PIN_1, GPIO_PIN_RESET);
 103              		.loc 1 55 3 view .LVU22
 104 0054 154F     		ldr	r7, .L3+8
 105 0056 2246     		mov	r2, r4
 106 0058 0221     		movs	r1, #2
 107 005a 3846     		mov	r0, r7
 108 005c FFF7FEFF 		bl	HAL_GPIO_WritePin
 109              	.LVL1:
  56:Core/Src/gpio.c **** 
  57:Core/Src/gpio.c ****   /*Configure GPIO pins : PAPin PAPin PAPin PAPin */
  58:Core/Src/gpio.c ****   GPIO_InitStruct.Pin = C4_Pin|C3_Pin|C2_Pin|C1_Pin;
 110              		.loc 1 58 3 view .LVU23
 111              		.loc 1 58 23 is_stmt 0 view .LVU24
 112 0060 0F23     		movs	r3, #15
 113 0062 0493     		str	r3, [sp, #16]
  59:Core/Src/gpio.c ****   GPIO_InitStruct.Mode = GPIO_MODE_OUTPUT_PP;
ARM GAS  C:\Users\lenovo\AppData\Local\Temp\cc5xfH0k.s 			page 4


 114              		.loc 1 59 3 is_stmt 1 view .LVU25
 115              		.loc 1 59 24 is_stmt 0 view .LVU26
 116 0064 0125     		movs	r5, #1
 117 0066 0595     		str	r5, [sp, #20]
  60:Core/Src/gpio.c ****   GPIO_InitStruct.Pull = GPIO_PULLUP;
 118              		.loc 1 60 3 is_stmt 1 view .LVU27
 119              		.loc 1 60 24 is_stmt 0 view .LVU28
 120 0068 0695     		str	r5, [sp, #24]
  61:Core/Src/gpio.c ****   GPIO_InitStruct.Speed = GPIO_SPEED_FREQ_LOW;
 121              		.loc 1 61 3 is_stmt 1 view .LVU29
 122              		.loc 1 61 25 is_stmt 0 view .LVU30
 123 006a 4FF00208 		mov	r8, #2
 124 006e CDF81C80 		str	r8, [sp, #28]
  62:Core/Src/gpio.c ****   HAL_GPIO_Init(GPIOA, &GPIO_InitStruct);
 125              		.loc 1 62 3 is_stmt 1 view .LVU31
 126 0072 04A9     		add	r1, sp, #16
 127 0074 3046     		mov	r0, r6
 128 0076 FFF7FEFF 		bl	HAL_GPIO_Init
 129              	.LVL2:
  63:Core/Src/gpio.c **** 
  64:Core/Src/gpio.c ****   /*Configure GPIO pins : PAPin PAPin PAPin PAPin */
  65:Core/Src/gpio.c ****   GPIO_InitStruct.Pin = R1_Pin|R2_Pin|R3_Pin|R4_Pin;
 130              		.loc 1 65 3 view .LVU32
 131              		.loc 1 65 23 is_stmt 0 view .LVU33
 132 007a F023     		movs	r3, #240
 133 007c 0493     		str	r3, [sp, #16]
  66:Core/Src/gpio.c ****   GPIO_InitStruct.Mode = GPIO_MODE_INPUT;
 134              		.loc 1 66 3 is_stmt 1 view .LVU34
 135              		.loc 1 66 24 is_stmt 0 view .LVU35
 136 007e 0594     		str	r4, [sp, #20]
  67:Core/Src/gpio.c ****   GPIO_InitStruct.Pull = GPIO_PULLUP;
 137              		.loc 1 67 3 is_stmt 1 view .LVU36
 138              		.loc 1 67 24 is_stmt 0 view .LVU37
 139 0080 0695     		str	r5, [sp, #24]
  68:Core/Src/gpio.c ****   HAL_GPIO_Init(GPIOA, &GPIO_InitStruct);
 140              		.loc 1 68 3 is_stmt 1 view .LVU38
 141 0082 04A9     		add	r1, sp, #16
 142 0084 3046     		mov	r0, r6
 143 0086 FFF7FEFF 		bl	HAL_GPIO_Init
 144              	.LVL3:
  69:Core/Src/gpio.c **** 
  70:Core/Src/gpio.c ****   /*Configure GPIO pin : PB1 */
  71:Core/Src/gpio.c ****   GPIO_InitStruct.Pin = GPIO_PIN_1;
 145              		.loc 1 71 3 view .LVU39
 146              		.loc 1 71 23 is_stmt 0 view .LVU40
 147 008a CDF81080 		str	r8, [sp, #16]
  72:Core/Src/gpio.c ****   GPIO_InitStruct.Mode = GPIO_MODE_OUTPUT_PP;
 148              		.loc 1 72 3 is_stmt 1 view .LVU41
 149              		.loc 1 72 24 is_stmt 0 view .LVU42
 150 008e 0595     		str	r5, [sp, #20]
  73:Core/Src/gpio.c ****   GPIO_InitStruct.Pull = GPIO_NOPULL;
 151              		.loc 1 73 3 is_stmt 1 view .LVU43
 152              		.loc 1 73 24 is_stmt 0 view .LVU44
 153 0090 0694     		str	r4, [sp, #24]
  74:Core/Src/gpio.c ****   GPIO_InitStruct.Speed = GPIO_SPEED_FREQ_HIGH;
 154              		.loc 1 74 3 is_stmt 1 view .LVU45
 155              		.loc 1 74 25 is_stmt 0 view .LVU46
ARM GAS  C:\Users\lenovo\AppData\Local\Temp\cc5xfH0k.s 			page 5


 156 0092 0323     		movs	r3, #3
 157 0094 0793     		str	r3, [sp, #28]
  75:Core/Src/gpio.c ****   HAL_GPIO_Init(GPIOB, &GPIO_InitStruct);
 158              		.loc 1 75 3 is_stmt 1 view .LVU47
 159 0096 04A9     		add	r1, sp, #16
 160 0098 3846     		mov	r0, r7
 161 009a FFF7FEFF 		bl	HAL_GPIO_Init
 162              	.LVL4:
  76:Core/Src/gpio.c **** 
  77:Core/Src/gpio.c **** }
 163              		.loc 1 77 1 is_stmt 0 view .LVU48
 164 009e 08B0     		add	sp, sp, #32
 165              	.LCFI2:
 166              		.cfi_def_cfa_offset 24
 167              		@ sp needed
 168 00a0 BDE8F081 		pop	{r4, r5, r6, r7, r8, pc}
 169              	.L4:
 170              		.align	2
 171              	.L3:
 172 00a4 00100240 		.word	1073876992
 173 00a8 00080140 		.word	1073809408
 174 00ac 000C0140 		.word	1073810432
 175              		.cfi_endproc
 176              	.LFE65:
 178              		.text
 179              	.Letext0:
 180              		.file 2 "c:\\program files (x86)\\gnu arm embedded toolchain\\10 2021.07\\arm-none-eabi\\include\\
 181              		.file 3 "c:\\program files (x86)\\gnu arm embedded toolchain\\10 2021.07\\arm-none-eabi\\include\\
 182              		.file 4 "Drivers/CMSIS/Device/ST/STM32F1xx/Include/stm32f102xb.h"
 183              		.file 5 "Drivers/STM32F1xx_HAL_Driver/Inc/stm32f1xx_hal_gpio.h"
ARM GAS  C:\Users\lenovo\AppData\Local\Temp\cc5xfH0k.s 			page 6


DEFINED SYMBOLS
                            *ABS*:00000000 gpio.c
C:\Users\lenovo\AppData\Local\Temp\cc5xfH0k.s:16     .text.MX_GPIO_Init:00000000 $t
C:\Users\lenovo\AppData\Local\Temp\cc5xfH0k.s:24     .text.MX_GPIO_Init:00000000 MX_GPIO_Init
C:\Users\lenovo\AppData\Local\Temp\cc5xfH0k.s:172    .text.MX_GPIO_Init:000000a4 $d

UNDEFINED SYMBOLS
HAL_GPIO_WritePin
HAL_GPIO_Init
