ARM GAS  C:\Users\lenovo\AppData\Local\Temp\ccHq1ZJt.s 			page 1


   1              		.cpu cortex-m3
   2              		.eabi_attribute 20, 1
   3              		.eabi_attribute 21, 1
   4              		.eabi_attribute 23, 3
   5              		.eabi_attribute 24, 1
   6              		.eabi_attribute 25, 1
   7              		.eabi_attribute 26, 1
   8              		.eabi_attribute 30, 1
   9              		.eabi_attribute 34, 1
  10              		.eabi_attribute 18, 4
  11              		.file	"tim.c"
  12              		.text
  13              	.Ltext0:
  14              		.cfi_sections	.debug_frame
  15              		.section	.text.MX_TIM2_Init,"ax",%progbits
  16              		.align	1
  17              		.global	MX_TIM2_Init
  18              		.arch armv7-m
  19              		.syntax unified
  20              		.thumb
  21              		.thumb_func
  22              		.fpu softvfp
  24              	MX_TIM2_Init:
  25              	.LFB65:
  26              		.file 1 "Core/Src/tim.c"
   1:Core/Src/tim.c **** /**
   2:Core/Src/tim.c ****   ******************************************************************************
   3:Core/Src/tim.c ****   * @file    tim.c
   4:Core/Src/tim.c ****   * @brief   This file provides code for the configuration
   5:Core/Src/tim.c ****   *          of the TIM instances.
   6:Core/Src/tim.c ****   ******************************************************************************
   7:Core/Src/tim.c ****   * @attention
   8:Core/Src/tim.c ****   *
   9:Core/Src/tim.c ****   * <h2><center>&copy; Copyright (c) 2023 STMicroelectronics.
  10:Core/Src/tim.c ****   * All rights reserved.</center></h2>
  11:Core/Src/tim.c ****   *
  12:Core/Src/tim.c ****   * This software component is licensed by ST under BSD 3-Clause license,
  13:Core/Src/tim.c ****   * the "License"; You may not use this file except in compliance with the
  14:Core/Src/tim.c ****   * License. You may obtain a copy of the License at:
  15:Core/Src/tim.c ****   *                        opensource.org/licenses/BSD-3-Clause
  16:Core/Src/tim.c ****   *
  17:Core/Src/tim.c ****   ******************************************************************************
  18:Core/Src/tim.c ****   */
  19:Core/Src/tim.c **** 
  20:Core/Src/tim.c **** /* Includes ------------------------------------------------------------------*/
  21:Core/Src/tim.c **** #include "tim.h"
  22:Core/Src/tim.c **** 
  23:Core/Src/tim.c **** /* USER CODE BEGIN 0 */
  24:Core/Src/tim.c **** 
  25:Core/Src/tim.c **** /* USER CODE END 0 */
  26:Core/Src/tim.c **** 
  27:Core/Src/tim.c **** TIM_HandleTypeDef htim2;
  28:Core/Src/tim.c **** 
  29:Core/Src/tim.c **** /* TIM2 init function */
  30:Core/Src/tim.c **** void MX_TIM2_Init(void)
  31:Core/Src/tim.c **** {
  27              		.loc 1 31 1 view -0
ARM GAS  C:\Users\lenovo\AppData\Local\Temp\ccHq1ZJt.s 			page 2


  28              		.cfi_startproc
  29              		@ args = 0, pretend = 0, frame = 24
  30              		@ frame_needed = 0, uses_anonymous_args = 0
  31 0000 00B5     		push	{lr}
  32              	.LCFI0:
  33              		.cfi_def_cfa_offset 4
  34              		.cfi_offset 14, -4
  35 0002 87B0     		sub	sp, sp, #28
  36              	.LCFI1:
  37              		.cfi_def_cfa_offset 32
  32:Core/Src/tim.c **** 
  33:Core/Src/tim.c ****   /* USER CODE BEGIN TIM2_Init 0 */
  34:Core/Src/tim.c **** 
  35:Core/Src/tim.c ****   /* USER CODE END TIM2_Init 0 */
  36:Core/Src/tim.c **** 
  37:Core/Src/tim.c ****   TIM_ClockConfigTypeDef sClockSourceConfig = {0};
  38              		.loc 1 37 3 view .LVU1
  39              		.loc 1 37 26 is_stmt 0 view .LVU2
  40 0004 0023     		movs	r3, #0
  41 0006 0293     		str	r3, [sp, #8]
  42 0008 0393     		str	r3, [sp, #12]
  43 000a 0493     		str	r3, [sp, #16]
  44 000c 0593     		str	r3, [sp, #20]
  38:Core/Src/tim.c ****   TIM_MasterConfigTypeDef sMasterConfig = {0};
  45              		.loc 1 38 3 is_stmt 1 view .LVU3
  46              		.loc 1 38 27 is_stmt 0 view .LVU4
  47 000e 0093     		str	r3, [sp]
  48 0010 0193     		str	r3, [sp, #4]
  39:Core/Src/tim.c **** 
  40:Core/Src/tim.c ****   /* USER CODE BEGIN TIM2_Init 1 */
  41:Core/Src/tim.c **** 
  42:Core/Src/tim.c ****   /* USER CODE END TIM2_Init 1 */
  43:Core/Src/tim.c ****   htim2.Instance = TIM2;
  49              		.loc 1 43 3 is_stmt 1 view .LVU5
  50              		.loc 1 43 18 is_stmt 0 view .LVU6
  51 0012 1648     		ldr	r0, .L9
  52 0014 4FF08042 		mov	r2, #1073741824
  53 0018 0260     		str	r2, [r0]
  44:Core/Src/tim.c ****   htim2.Init.Prescaler = 7199;
  54              		.loc 1 44 3 is_stmt 1 view .LVU7
  55              		.loc 1 44 24 is_stmt 0 view .LVU8
  56 001a 41F61F42 		movw	r2, #7199
  57 001e 4260     		str	r2, [r0, #4]
  45:Core/Src/tim.c ****   htim2.Init.CounterMode = TIM_COUNTERMODE_UP;
  58              		.loc 1 45 3 is_stmt 1 view .LVU9
  59              		.loc 1 45 26 is_stmt 0 view .LVU10
  60 0020 8360     		str	r3, [r0, #8]
  46:Core/Src/tim.c ****   htim2.Init.Period = 109999;
  61              		.loc 1 46 3 is_stmt 1 view .LVU11
  62              		.loc 1 46 21 is_stmt 0 view .LVU12
  63 0022 134A     		ldr	r2, .L9+4
  64 0024 C260     		str	r2, [r0, #12]
  47:Core/Src/tim.c ****   htim2.Init.ClockDivision = TIM_CLOCKDIVISION_DIV1;
  65              		.loc 1 47 3 is_stmt 1 view .LVU13
  66              		.loc 1 47 28 is_stmt 0 view .LVU14
  67 0026 0361     		str	r3, [r0, #16]
  48:Core/Src/tim.c ****   htim2.Init.AutoReloadPreload = TIM_AUTORELOAD_PRELOAD_ENABLE;
ARM GAS  C:\Users\lenovo\AppData\Local\Temp\ccHq1ZJt.s 			page 3


  68              		.loc 1 48 3 is_stmt 1 view .LVU15
  69              		.loc 1 48 32 is_stmt 0 view .LVU16
  70 0028 8023     		movs	r3, #128
  71 002a 8361     		str	r3, [r0, #24]
  49:Core/Src/tim.c ****   if (HAL_TIM_Base_Init(&htim2) != HAL_OK)
  72              		.loc 1 49 3 is_stmt 1 view .LVU17
  73              		.loc 1 49 7 is_stmt 0 view .LVU18
  74 002c FFF7FEFF 		bl	HAL_TIM_Base_Init
  75              	.LVL0:
  76              		.loc 1 49 6 view .LVU19
  77 0030 90B9     		cbnz	r0, .L6
  78              	.L2:
  50:Core/Src/tim.c ****   {
  51:Core/Src/tim.c ****     Error_Handler();
  52:Core/Src/tim.c ****   }
  53:Core/Src/tim.c ****   sClockSourceConfig.ClockSource = TIM_CLOCKSOURCE_INTERNAL;
  79              		.loc 1 53 3 is_stmt 1 view .LVU20
  80              		.loc 1 53 34 is_stmt 0 view .LVU21
  81 0032 4FF48053 		mov	r3, #4096
  82 0036 0293     		str	r3, [sp, #8]
  54:Core/Src/tim.c ****   if (HAL_TIM_ConfigClockSource(&htim2, &sClockSourceConfig) != HAL_OK)
  83              		.loc 1 54 3 is_stmt 1 view .LVU22
  84              		.loc 1 54 7 is_stmt 0 view .LVU23
  85 0038 02A9     		add	r1, sp, #8
  86 003a 0C48     		ldr	r0, .L9
  87 003c FFF7FEFF 		bl	HAL_TIM_ConfigClockSource
  88              	.LVL1:
  89              		.loc 1 54 6 view .LVU24
  90 0040 68B9     		cbnz	r0, .L7
  91              	.L3:
  55:Core/Src/tim.c ****   {
  56:Core/Src/tim.c ****     Error_Handler();
  57:Core/Src/tim.c ****   }
  58:Core/Src/tim.c ****   sMasterConfig.MasterOutputTrigger = TIM_TRGO_RESET;
  92              		.loc 1 58 3 is_stmt 1 view .LVU25
  93              		.loc 1 58 37 is_stmt 0 view .LVU26
  94 0042 0023     		movs	r3, #0
  95 0044 0093     		str	r3, [sp]
  59:Core/Src/tim.c ****   sMasterConfig.MasterSlaveMode = TIM_MASTERSLAVEMODE_DISABLE;
  96              		.loc 1 59 3 is_stmt 1 view .LVU27
  97              		.loc 1 59 33 is_stmt 0 view .LVU28
  98 0046 0193     		str	r3, [sp, #4]
  60:Core/Src/tim.c ****   if (HAL_TIMEx_MasterConfigSynchronization(&htim2, &sMasterConfig) != HAL_OK)
  99              		.loc 1 60 3 is_stmt 1 view .LVU29
 100              		.loc 1 60 7 is_stmt 0 view .LVU30
 101 0048 6946     		mov	r1, sp
 102 004a 0848     		ldr	r0, .L9
 103 004c FFF7FEFF 		bl	HAL_TIMEx_MasterConfigSynchronization
 104              	.LVL2:
 105              		.loc 1 60 6 view .LVU31
 106 0050 40B9     		cbnz	r0, .L8
 107              	.L1:
  61:Core/Src/tim.c ****   {
  62:Core/Src/tim.c ****     Error_Handler();
  63:Core/Src/tim.c ****   }
  64:Core/Src/tim.c ****   /* USER CODE BEGIN TIM2_Init 2 */
  65:Core/Src/tim.c **** 
ARM GAS  C:\Users\lenovo\AppData\Local\Temp\ccHq1ZJt.s 			page 4


  66:Core/Src/tim.c ****   /* USER CODE END TIM2_Init 2 */
  67:Core/Src/tim.c **** 
  68:Core/Src/tim.c **** }
 108              		.loc 1 68 1 view .LVU32
 109 0052 07B0     		add	sp, sp, #28
 110              	.LCFI2:
 111              		.cfi_remember_state
 112              		.cfi_def_cfa_offset 4
 113              		@ sp needed
 114 0054 5DF804FB 		ldr	pc, [sp], #4
 115              	.L6:
 116              	.LCFI3:
 117              		.cfi_restore_state
  51:Core/Src/tim.c ****   }
 118              		.loc 1 51 5 is_stmt 1 view .LVU33
 119 0058 FFF7FEFF 		bl	Error_Handler
 120              	.LVL3:
 121 005c E9E7     		b	.L2
 122              	.L7:
  56:Core/Src/tim.c ****   }
 123              		.loc 1 56 5 view .LVU34
 124 005e FFF7FEFF 		bl	Error_Handler
 125              	.LVL4:
 126 0062 EEE7     		b	.L3
 127              	.L8:
  62:Core/Src/tim.c ****   }
 128              		.loc 1 62 5 view .LVU35
 129 0064 FFF7FEFF 		bl	Error_Handler
 130              	.LVL5:
 131              		.loc 1 68 1 is_stmt 0 view .LVU36
 132 0068 F3E7     		b	.L1
 133              	.L10:
 134 006a 00BF     		.align	2
 135              	.L9:
 136 006c 00000000 		.word	.LANCHOR0
 137 0070 AFAD0100 		.word	109999
 138              		.cfi_endproc
 139              	.LFE65:
 141              		.section	.text.HAL_TIM_Base_MspInit,"ax",%progbits
 142              		.align	1
 143              		.global	HAL_TIM_Base_MspInit
 144              		.syntax unified
 145              		.thumb
 146              		.thumb_func
 147              		.fpu softvfp
 149              	HAL_TIM_Base_MspInit:
 150              	.LVL6:
 151              	.LFB66:
  69:Core/Src/tim.c **** 
  70:Core/Src/tim.c **** void HAL_TIM_Base_MspInit(TIM_HandleTypeDef* tim_baseHandle)
  71:Core/Src/tim.c **** {
 152              		.loc 1 71 1 is_stmt 1 view -0
 153              		.cfi_startproc
 154              		@ args = 0, pretend = 0, frame = 8
 155              		@ frame_needed = 0, uses_anonymous_args = 0
  72:Core/Src/tim.c **** 
  73:Core/Src/tim.c ****   if(tim_baseHandle->Instance==TIM2)
ARM GAS  C:\Users\lenovo\AppData\Local\Temp\ccHq1ZJt.s 			page 5


 156              		.loc 1 73 3 view .LVU38
 157              		.loc 1 73 20 is_stmt 0 view .LVU39
 158 0000 0368     		ldr	r3, [r0]
 159              		.loc 1 73 5 view .LVU40
 160 0002 B3F1804F 		cmp	r3, #1073741824
 161 0006 00D0     		beq	.L17
 162 0008 7047     		bx	lr
 163              	.L17:
  71:Core/Src/tim.c **** 
 164              		.loc 1 71 1 view .LVU41
 165 000a 00B5     		push	{lr}
 166              	.LCFI4:
 167              		.cfi_def_cfa_offset 4
 168              		.cfi_offset 14, -4
 169 000c 83B0     		sub	sp, sp, #12
 170              	.LCFI5:
 171              		.cfi_def_cfa_offset 16
  74:Core/Src/tim.c ****   {
  75:Core/Src/tim.c ****   /* USER CODE BEGIN TIM2_MspInit 0 */
  76:Core/Src/tim.c **** 
  77:Core/Src/tim.c ****   /* USER CODE END TIM2_MspInit 0 */
  78:Core/Src/tim.c ****     /* TIM2 clock enable */
  79:Core/Src/tim.c ****     __HAL_RCC_TIM2_CLK_ENABLE();
 172              		.loc 1 79 5 is_stmt 1 view .LVU42
 173              	.LBB2:
 174              		.loc 1 79 5 view .LVU43
 175              		.loc 1 79 5 view .LVU44
 176 000e 03F50433 		add	r3, r3, #135168
 177 0012 DA69     		ldr	r2, [r3, #28]
 178 0014 42F00102 		orr	r2, r2, #1
 179 0018 DA61     		str	r2, [r3, #28]
 180              		.loc 1 79 5 view .LVU45
 181 001a DB69     		ldr	r3, [r3, #28]
 182 001c 03F00103 		and	r3, r3, #1
 183 0020 0193     		str	r3, [sp, #4]
 184              		.loc 1 79 5 view .LVU46
 185 0022 019B     		ldr	r3, [sp, #4]
 186              	.LBE2:
 187              		.loc 1 79 5 view .LVU47
  80:Core/Src/tim.c **** 
  81:Core/Src/tim.c ****     /* TIM2 interrupt Init */
  82:Core/Src/tim.c ****     HAL_NVIC_SetPriority(TIM2_IRQn, 0, 0);
 188              		.loc 1 82 5 view .LVU48
 189 0024 0022     		movs	r2, #0
 190 0026 1146     		mov	r1, r2
 191 0028 1C20     		movs	r0, #28
 192              	.LVL7:
 193              		.loc 1 82 5 is_stmt 0 view .LVU49
 194 002a FFF7FEFF 		bl	HAL_NVIC_SetPriority
 195              	.LVL8:
  83:Core/Src/tim.c ****     HAL_NVIC_EnableIRQ(TIM2_IRQn);
 196              		.loc 1 83 5 is_stmt 1 view .LVU50
 197 002e 1C20     		movs	r0, #28
 198 0030 FFF7FEFF 		bl	HAL_NVIC_EnableIRQ
 199              	.LVL9:
  84:Core/Src/tim.c ****   /* USER CODE BEGIN TIM2_MspInit 1 */
  85:Core/Src/tim.c **** 
ARM GAS  C:\Users\lenovo\AppData\Local\Temp\ccHq1ZJt.s 			page 6


  86:Core/Src/tim.c ****   /* USER CODE END TIM2_MspInit 1 */
  87:Core/Src/tim.c ****   }
  88:Core/Src/tim.c **** }
 200              		.loc 1 88 1 is_stmt 0 view .LVU51
 201 0034 03B0     		add	sp, sp, #12
 202              	.LCFI6:
 203              		.cfi_def_cfa_offset 4
 204              		@ sp needed
 205 0036 5DF804FB 		ldr	pc, [sp], #4
 206              		.cfi_endproc
 207              	.LFE66:
 209              		.section	.text.HAL_TIM_Base_MspDeInit,"ax",%progbits
 210              		.align	1
 211              		.global	HAL_TIM_Base_MspDeInit
 212              		.syntax unified
 213              		.thumb
 214              		.thumb_func
 215              		.fpu softvfp
 217              	HAL_TIM_Base_MspDeInit:
 218              	.LVL10:
 219              	.LFB67:
  89:Core/Src/tim.c **** 
  90:Core/Src/tim.c **** void HAL_TIM_Base_MspDeInit(TIM_HandleTypeDef* tim_baseHandle)
  91:Core/Src/tim.c **** {
 220              		.loc 1 91 1 is_stmt 1 view -0
 221              		.cfi_startproc
 222              		@ args = 0, pretend = 0, frame = 0
 223              		@ frame_needed = 0, uses_anonymous_args = 0
 224              		.loc 1 91 1 is_stmt 0 view .LVU53
 225 0000 08B5     		push	{r3, lr}
 226              	.LCFI7:
 227              		.cfi_def_cfa_offset 8
 228              		.cfi_offset 3, -8
 229              		.cfi_offset 14, -4
  92:Core/Src/tim.c **** 
  93:Core/Src/tim.c ****   if(tim_baseHandle->Instance==TIM2)
 230              		.loc 1 93 3 is_stmt 1 view .LVU54
 231              		.loc 1 93 20 is_stmt 0 view .LVU55
 232 0002 0368     		ldr	r3, [r0]
 233              		.loc 1 93 5 view .LVU56
 234 0004 B3F1804F 		cmp	r3, #1073741824
 235 0008 00D0     		beq	.L21
 236              	.LVL11:
 237              	.L18:
  94:Core/Src/tim.c ****   {
  95:Core/Src/tim.c ****   /* USER CODE BEGIN TIM2_MspDeInit 0 */
  96:Core/Src/tim.c **** 
  97:Core/Src/tim.c ****   /* USER CODE END TIM2_MspDeInit 0 */
  98:Core/Src/tim.c ****     /* Peripheral clock disable */
  99:Core/Src/tim.c ****     __HAL_RCC_TIM2_CLK_DISABLE();
 100:Core/Src/tim.c **** 
 101:Core/Src/tim.c ****     /* TIM2 interrupt Deinit */
 102:Core/Src/tim.c ****     HAL_NVIC_DisableIRQ(TIM2_IRQn);
 103:Core/Src/tim.c ****   /* USER CODE BEGIN TIM2_MspDeInit 1 */
 104:Core/Src/tim.c **** 
 105:Core/Src/tim.c ****   /* USER CODE END TIM2_MspDeInit 1 */
 106:Core/Src/tim.c ****   }
ARM GAS  C:\Users\lenovo\AppData\Local\Temp\ccHq1ZJt.s 			page 7


 107:Core/Src/tim.c **** }
 238              		.loc 1 107 1 view .LVU57
 239 000a 08BD     		pop	{r3, pc}
 240              	.LVL12:
 241              	.L21:
  99:Core/Src/tim.c **** 
 242              		.loc 1 99 5 is_stmt 1 view .LVU58
 243 000c 044A     		ldr	r2, .L22
 244 000e D369     		ldr	r3, [r2, #28]
 245 0010 23F00103 		bic	r3, r3, #1
 246 0014 D361     		str	r3, [r2, #28]
 102:Core/Src/tim.c ****   /* USER CODE BEGIN TIM2_MspDeInit 1 */
 247              		.loc 1 102 5 view .LVU59
 248 0016 1C20     		movs	r0, #28
 249              	.LVL13:
 102:Core/Src/tim.c ****   /* USER CODE BEGIN TIM2_MspDeInit 1 */
 250              		.loc 1 102 5 is_stmt 0 view .LVU60
 251 0018 FFF7FEFF 		bl	HAL_NVIC_DisableIRQ
 252              	.LVL14:
 253              		.loc 1 107 1 view .LVU61
 254 001c F5E7     		b	.L18
 255              	.L23:
 256 001e 00BF     		.align	2
 257              	.L22:
 258 0020 00100240 		.word	1073876992
 259              		.cfi_endproc
 260              	.LFE67:
 262              		.global	htim2
 263              		.section	.bss.htim2,"aw",%nobits
 264              		.align	2
 265              		.set	.LANCHOR0,. + 0
 268              	htim2:
 269 0000 00000000 		.space	72
 269      00000000 
 269      00000000 
 269      00000000 
 269      00000000 
 270              		.text
 271              	.Letext0:
 272              		.file 2 "c:\\program files (x86)\\gnu arm embedded toolchain\\10 2021.07\\arm-none-eabi\\include\\
 273              		.file 3 "c:\\program files (x86)\\gnu arm embedded toolchain\\10 2021.07\\arm-none-eabi\\include\\
 274              		.file 4 "Drivers/CMSIS/Device/ST/STM32F1xx/Include/stm32f103xb.h"
 275              		.file 5 "Drivers/STM32F1xx_HAL_Driver/Inc/stm32f1xx_hal_def.h"
 276              		.file 6 "Drivers/STM32F1xx_HAL_Driver/Inc/stm32f1xx_hal_dma.h"
 277              		.file 7 "Drivers/STM32F1xx_HAL_Driver/Inc/stm32f1xx_hal_tim.h"
 278              		.file 8 "Drivers/STM32F1xx_HAL_Driver/Inc/stm32f1xx_hal_cortex.h"
 279              		.file 9 "Drivers/STM32F1xx_HAL_Driver/Inc/stm32f1xx_hal_tim_ex.h"
 280              		.file 10 "Core/Inc/main.h"
 281              		.file 11 "Core/Inc/tim.h"
ARM GAS  C:\Users\lenovo\AppData\Local\Temp\ccHq1ZJt.s 			page 8


DEFINED SYMBOLS
                            *ABS*:00000000 tim.c
C:\Users\lenovo\AppData\Local\Temp\ccHq1ZJt.s:16     .text.MX_TIM2_Init:00000000 $t
C:\Users\lenovo\AppData\Local\Temp\ccHq1ZJt.s:24     .text.MX_TIM2_Init:00000000 MX_TIM2_Init
C:\Users\lenovo\AppData\Local\Temp\ccHq1ZJt.s:136    .text.MX_TIM2_Init:0000006c $d
C:\Users\lenovo\AppData\Local\Temp\ccHq1ZJt.s:142    .text.HAL_TIM_Base_MspInit:00000000 $t
C:\Users\lenovo\AppData\Local\Temp\ccHq1ZJt.s:149    .text.HAL_TIM_Base_MspInit:00000000 HAL_TIM_Base_MspInit
C:\Users\lenovo\AppData\Local\Temp\ccHq1ZJt.s:210    .text.HAL_TIM_Base_MspDeInit:00000000 $t
C:\Users\lenovo\AppData\Local\Temp\ccHq1ZJt.s:217    .text.HAL_TIM_Base_MspDeInit:00000000 HAL_TIM_Base_MspDeInit
C:\Users\lenovo\AppData\Local\Temp\ccHq1ZJt.s:258    .text.HAL_TIM_Base_MspDeInit:00000020 $d
C:\Users\lenovo\AppData\Local\Temp\ccHq1ZJt.s:268    .bss.htim2:00000000 htim2
C:\Users\lenovo\AppData\Local\Temp\ccHq1ZJt.s:264    .bss.htim2:00000000 $d

UNDEFINED SYMBOLS
HAL_TIM_Base_Init
HAL_TIM_ConfigClockSource
HAL_TIMEx_MasterConfigSynchronization
Error_Handler
HAL_NVIC_SetPriority
HAL_NVIC_EnableIRQ
HAL_NVIC_DisableIRQ
